<?xml version="1.0" encoding="UTF-8"?>
<testsuite name="github.SelenideRepositorySearch" tests="1" skipped="0" failures="0" errors="0" timestamp="2024-06-23T10:17:06" hostname="DESKTOP-0H5H0D4" time="10.69">
  <properties/>
  <testcase name="shouldFindSelenideRepositoryAtTheTop()" classname="github.SelenideRepositorySearch" time="10.69"/>
  <system-out><![CDATA[]]></system-out>
  <system-err><![CDATA[SLF4J(W): No SLF4J providers were found.
SLF4J(W): Defaulting to no-operation (NOP) logger implementation
SLF4J(W): See https://www.slf4j.org/codes.html#noProviders for further details.
июн. 23, 2024 1:17:11 PM org.openqa.selenium.devtools.CdpVersionFinder findNearestMatch
WARNING: Unable to find an exact match for CDP version 126, returning the closest version; found: 125; Please update to a Selenium version that supports CDP version 126
]]></system-err>
</testsuite>
